<?xml version="1.0" encoding="UTF-8"?>
<!-- Generated by org.testng.reporters.JUnitReportReporter -->
<testsuite hostname="LTIN272279" failures="0" tests="5" name="testcases.GooglesigninTests" time="23.214" errors="0" timestamp="2024-03-07T11:47:56 IST" skipped="0">
  <testcase classname="testcases.GooglesigninTests" name="clickSignIn" time="4.675"/>
  <testcase classname="testcases.GooglesigninTests" name="clickGoogle" time="6.454"/>
  <testcase classname="testcases.GooglesigninTests" name="eMail" time="5.540"/>
  <testcase classname="testcases.GooglesigninTests" name="nextButton" time="6.301"/>
  <testcase classname="testcases.GooglesigninTests" name="printErrorMesssage" time="0.244"/>
</testsuite> <!-- testcases.GooglesigninTests -->
