<?xml version="1.0" encoding="UTF-8"?>
<!-- Generated by org.testng.reporters.JUnitReportReporter -->
<testsuite hostname="LTIN272279" failures="0" tests="4" name="testcases.UsedcarsTests" time="26.810" errors="0" timestamp="2024-03-07T11:47:56 IST" skipped="0">
  <testcase classname="testcases.UsedcarsTests" name="Menu" time="4.078"/>
  <testcase classname="testcases.UsedcarsTests" name="chennaiSubmenuOption" time="10.512"/>
  <testcase classname="testcases.UsedcarsTests" name="models" time="5.327"/>
  <testcase classname="testcases.UsedcarsTests" name="navigateback" time="6.893"/>
</testsuite> <!-- testcases.UsedcarsTests -->
