<?xml version="1.0" encoding="UTF-8"?>
<!-- Generated by org.testng.reporters.JUnitReportReporter -->
<testsuite hostname="LTIN272279" failures="0" tests="6" name="testcases.UpcomingbikesTests" time="48.787" errors="0" timestamp="2024-03-07T11:47:56 IST" skipped="0">
  <testcase classname="testcases.UpcomingbikesTests" name="newBikes" time="9.812"/>
  <testcase classname="testcases.UpcomingbikesTests" name="upcomingbikes" time="7.552"/>
  <testcase classname="testcases.UpcomingbikesTests" name="manufacturer" time="4.960"/>
  <testcase classname="testcases.UpcomingbikesTests" name="viewmore" time="7.386"/>
  <testcase classname="testcases.UpcomingbikesTests" name="hondabikemodels" time="12.414"/>
  <testcase classname="testcases.UpcomingbikesTests" name="backhome" time="6.663"/>
</testsuite> <!-- testcases.UpcomingbikesTests -->
